<?xml version="1.0" encoding="UTF-8"?>
<testng-results skipped="0" failed="0" total="1" passed="1">
  <reporter-output>
  </reporter-output>
  <suite name="com.biit.formrunner.orbeon.OrbeonFormRunnerMatcherTest" duration-ms="140" started-at="2016-06-02T06:37:42Z" finished-at="2016-06-02T06:37:42Z">
    <groups>
      <group name="orbeonFormRunnerMatcher">
        <method signature="OrbeonFormRunnerMatcherTest.readConfig()[pri:0, instance:com.biit.formrunner.orbeon.OrbeonFormRunnerMatcherTest@277663d6]" name="readConfig" class="com.biit.formrunner.orbeon.OrbeonFormRunnerMatcherTest"/>
      </group> <!-- orbeonFormRunnerMatcher -->
    </groups>
    <test name="Command line test" duration-ms="140" started-at="2016-06-02T06:37:42Z" finished-at="2016-06-02T06:37:42Z">
      <class name="com.biit.formrunner.orbeon.OrbeonFormRunnerMatcherTest">
        <test-method status="PASS" signature="readConfig()[pri:0, instance:com.biit.formrunner.orbeon.OrbeonFormRunnerMatcherTest@277663d6]" name="readConfig" duration-ms="126" started-at="2016-06-02T08:37:42Z" finished-at="2016-06-02T08:37:42Z">
          <reporter-output>
          </reporter-output>
        </test-method> <!-- readConfig -->
      </class> <!-- com.biit.formrunner.orbeon.OrbeonFormRunnerMatcherTest -->
    </test> <!-- Command line test -->
  </suite> <!-- com.biit.formrunner.orbeon.OrbeonFormRunnerMatcherTest -->
</testng-results>
